[32m2024-04-23 14:13:18 -0500[0m - dagster - [34mDEBUG[0m - __ASSET_JOB - a7705fff-916b-47f3-9943-e13ac82abe16 - 28194 - LOGS_CAPTURED - Started capturing logs in process (pid: 28194).
[32m2024-04-23 14:13:18 -0500[0m - dagster - [34mDEBUG[0m - __ASSET_JOB - a7705fff-916b-47f3-9943-e13ac82abe16 - 28194 - split_data - STEP_START - Started execution of step "split_data".
[32m2024-04-23 14:13:18 -0500[0m - dagster - [34mDEBUG[0m - __ASSET_JOB - a7705fff-916b-47f3-9943-e13ac82abe16 - split_data - Loading file from: /Users/isaacanderson/Desktop/CSE314/MarchMadness/projectDag/tmprc4x5hfk/storage/parameter_tuning using PickledObjectFilesystemIOManager...
[32m2024-04-23 14:13:18 -0500[0m - dagster - [34mDEBUG[0m - __ASSET_JOB - a7705fff-916b-47f3-9943-e13ac82abe16 - 28194 - split_data - ASSET_OBSERVATION - DagsterEventType.ASSET_OBSERVATION for step split_data
[32m2024-04-23 14:13:18 -0500[0m - dagster - [34mDEBUG[0m - __ASSET_JOB - a7705fff-916b-47f3-9943-e13ac82abe16 - 28194 - split_data - LOADED_INPUT - Loaded input "parameter_tuning" using input manager "io_manager", from output "result" of step "parameter_tuning"
[32m2024-04-23 14:13:18 -0500[0m - dagster - [34mDEBUG[0m - __ASSET_JOB - a7705fff-916b-47f3-9943-e13ac82abe16 - 28194 - split_data - STEP_INPUT - Got input "parameter_tuning" of type "Any". (Type check passed).
[32m2024-04-23 14:13:18 -0500[0m - dagster - [34mDEBUG[0m - __ASSET_JOB - a7705fff-916b-47f3-9943-e13ac82abe16 - 28194 - split_data - STEP_OUTPUT - Yielded output "X_train" of type "Any". (Type check passed).
[32m2024-04-23 14:13:18 -0500[0m - dagster - [34mDEBUG[0m - __ASSET_JOB - a7705fff-916b-47f3-9943-e13ac82abe16 - split_data - Writing file at: /Users/isaacanderson/Desktop/CSE314/MarchMadness/projectDag/tmprc4x5hfk/storage/X_train using PickledObjectFilesystemIOManager...
[32m2024-04-23 14:13:18 -0500[0m - dagster - [34mDEBUG[0m - __ASSET_JOB - a7705fff-916b-47f3-9943-e13ac82abe16 - 28194 - split_data - ASSET_MATERIALIZATION - Materialized value X_train.
[32m2024-04-23 14:13:18 -0500[0m - dagster - [34mDEBUG[0m - __ASSET_JOB - a7705fff-916b-47f3-9943-e13ac82abe16 - 28194 - split_data - HANDLED_OUTPUT - Handled output "X_train" using IO manager "io_manager"
[32m2024-04-23 14:13:18 -0500[0m - dagster - [34mDEBUG[0m - __ASSET_JOB - a7705fff-916b-47f3-9943-e13ac82abe16 - 28194 - split_data - STEP_OUTPUT - Yielded output "X_test" of type "Any". (Type check passed).
[32m2024-04-23 14:13:18 -0500[0m - dagster - [34mDEBUG[0m - __ASSET_JOB - a7705fff-916b-47f3-9943-e13ac82abe16 - split_data - Writing file at: /Users/isaacanderson/Desktop/CSE314/MarchMadness/projectDag/tmprc4x5hfk/storage/X_test using PickledObjectFilesystemIOManager...
[32m2024-04-23 14:13:18 -0500[0m - dagster - [34mDEBUG[0m - __ASSET_JOB - a7705fff-916b-47f3-9943-e13ac82abe16 - 28194 - split_data - ASSET_MATERIALIZATION - Materialized value X_test.
[32m2024-04-23 14:13:18 -0500[0m - dagster - [34mDEBUG[0m - __ASSET_JOB - a7705fff-916b-47f3-9943-e13ac82abe16 - 28194 - split_data - HANDLED_OUTPUT - Handled output "X_test" using IO manager "io_manager"
[32m2024-04-23 14:13:18 -0500[0m - dagster - [34mDEBUG[0m - __ASSET_JOB - a7705fff-916b-47f3-9943-e13ac82abe16 - 28194 - split_data - STEP_OUTPUT - Yielded output "y_train" of type "Any". (Type check passed).
[32m2024-04-23 14:13:18 -0500[0m - dagster - [34mDEBUG[0m - __ASSET_JOB - a7705fff-916b-47f3-9943-e13ac82abe16 - split_data - Writing file at: /Users/isaacanderson/Desktop/CSE314/MarchMadness/projectDag/tmprc4x5hfk/storage/y_train using PickledObjectFilesystemIOManager...
[32m2024-04-23 14:13:18 -0500[0m - dagster - [34mDEBUG[0m - __ASSET_JOB - a7705fff-916b-47f3-9943-e13ac82abe16 - 28194 - split_data - ASSET_MATERIALIZATION - Materialized value y_train.
[32m2024-04-23 14:13:18 -0500[0m - dagster - [34mDEBUG[0m - __ASSET_JOB - a7705fff-916b-47f3-9943-e13ac82abe16 - 28194 - split_data - HANDLED_OUTPUT - Handled output "y_train" using IO manager "io_manager"
[32m2024-04-23 14:13:18 -0500[0m - dagster - [34mDEBUG[0m - __ASSET_JOB - a7705fff-916b-47f3-9943-e13ac82abe16 - 28194 - split_data - STEP_OUTPUT - Yielded output "y_test" of type "Any". (Type check passed).
[32m2024-04-23 14:13:18 -0500[0m - dagster - [34mDEBUG[0m - __ASSET_JOB - a7705fff-916b-47f3-9943-e13ac82abe16 - split_data - Writing file at: /Users/isaacanderson/Desktop/CSE314/MarchMadness/projectDag/tmprc4x5hfk/storage/y_test using PickledObjectFilesystemIOManager...
[32m2024-04-23 14:13:18 -0500[0m - dagster - [34mDEBUG[0m - __ASSET_JOB - a7705fff-916b-47f3-9943-e13ac82abe16 - 28194 - split_data - ASSET_MATERIALIZATION - Materialized value y_test.
[32m2024-04-23 14:13:18 -0500[0m - dagster - [34mDEBUG[0m - __ASSET_JOB - a7705fff-916b-47f3-9943-e13ac82abe16 - 28194 - split_data - HANDLED_OUTPUT - Handled output "y_test" using IO manager "io_manager"
[32m2024-04-23 14:13:18 -0500[0m - dagster - [34mDEBUG[0m - __ASSET_JOB - a7705fff-916b-47f3-9943-e13ac82abe16 - 28194 - split_data - STEP_SUCCESS - Finished execution of step "split_data" in 221ms.
