[32m2024-04-23 16:12:44 -0500[0m - dagster - [34mDEBUG[0m - __ASSET_JOB - 3296bec3-856c-4987-97f4-3a27f195c741 - 68385 - LOGS_CAPTURED - Started capturing logs in process (pid: 68385).
[32m2024-04-23 16:12:44 -0500[0m - dagster - [34mDEBUG[0m - __ASSET_JOB - 3296bec3-856c-4987-97f4-3a27f195c741 - 68385 - bubbleClassifier - STEP_START - Started execution of step "bubbleClassifier".
[32m2024-04-23 16:12:44 -0500[0m - dagster - [34mDEBUG[0m - __ASSET_JOB - 3296bec3-856c-4987-97f4-3a27f195c741 - bubbleClassifier - Loading file from: /Users/isaacanderson/Desktop/CSE314/MarchMadness/projectDag/tmpf7gyw7w9/storage/X_test using PickledObjectFilesystemIOManager...
[32m2024-04-23 16:12:44 -0500[0m - dagster - [34mDEBUG[0m - __ASSET_JOB - 3296bec3-856c-4987-97f4-3a27f195c741 - 68385 - bubbleClassifier - ASSET_OBSERVATION - DagsterEventType.ASSET_OBSERVATION for step bubbleClassifier
[32m2024-04-23 16:12:44 -0500[0m - dagster - [34mDEBUG[0m - __ASSET_JOB - 3296bec3-856c-4987-97f4-3a27f195c741 - 68385 - bubbleClassifier - LOADED_INPUT - Loaded input "X_test" using input manager "io_manager", from output "X_test" of step "split_data"
[32m2024-04-23 16:12:44 -0500[0m - dagster - [34mDEBUG[0m - __ASSET_JOB - 3296bec3-856c-4987-97f4-3a27f195c741 - bubbleClassifier - Loading file from: /Users/isaacanderson/Desktop/CSE314/MarchMadness/projectDag/tmpf7gyw7w9/storage/X_train using PickledObjectFilesystemIOManager...
[32m2024-04-23 16:12:44 -0500[0m - dagster - [34mDEBUG[0m - __ASSET_JOB - 3296bec3-856c-4987-97f4-3a27f195c741 - 68385 - bubbleClassifier - ASSET_OBSERVATION - DagsterEventType.ASSET_OBSERVATION for step bubbleClassifier
[32m2024-04-23 16:12:44 -0500[0m - dagster - [34mDEBUG[0m - __ASSET_JOB - 3296bec3-856c-4987-97f4-3a27f195c741 - 68385 - bubbleClassifier - LOADED_INPUT - Loaded input "X_train" using input manager "io_manager", from output "X_train" of step "split_data"
[32m2024-04-23 16:12:44 -0500[0m - dagster - [34mDEBUG[0m - __ASSET_JOB - 3296bec3-856c-4987-97f4-3a27f195c741 - bubbleClassifier - Loading file from: /Users/isaacanderson/Desktop/CSE314/MarchMadness/projectDag/tmpf7gyw7w9/storage/y_test using PickledObjectFilesystemIOManager...
[32m2024-04-23 16:12:44 -0500[0m - dagster - [34mDEBUG[0m - __ASSET_JOB - 3296bec3-856c-4987-97f4-3a27f195c741 - 68385 - bubbleClassifier - ASSET_OBSERVATION - DagsterEventType.ASSET_OBSERVATION for step bubbleClassifier
[32m2024-04-23 16:12:44 -0500[0m - dagster - [34mDEBUG[0m - __ASSET_JOB - 3296bec3-856c-4987-97f4-3a27f195c741 - 68385 - bubbleClassifier - LOADED_INPUT - Loaded input "y_test" using input manager "io_manager", from output "y_test" of step "split_data"
[32m2024-04-23 16:12:44 -0500[0m - dagster - [34mDEBUG[0m - __ASSET_JOB - 3296bec3-856c-4987-97f4-3a27f195c741 - bubbleClassifier - Loading file from: /Users/isaacanderson/Desktop/CSE314/MarchMadness/projectDag/tmpf7gyw7w9/storage/y_train using PickledObjectFilesystemIOManager...
[32m2024-04-23 16:12:44 -0500[0m - dagster - [34mDEBUG[0m - __ASSET_JOB - 3296bec3-856c-4987-97f4-3a27f195c741 - 68385 - bubbleClassifier - ASSET_OBSERVATION - DagsterEventType.ASSET_OBSERVATION for step bubbleClassifier
[32m2024-04-23 16:12:44 -0500[0m - dagster - [34mDEBUG[0m - __ASSET_JOB - 3296bec3-856c-4987-97f4-3a27f195c741 - 68385 - bubbleClassifier - LOADED_INPUT - Loaded input "y_train" using input manager "io_manager", from output "y_train" of step "split_data"
[32m2024-04-23 16:12:44 -0500[0m - dagster - [34mDEBUG[0m - __ASSET_JOB - 3296bec3-856c-4987-97f4-3a27f195c741 - 68385 - bubbleClassifier - STEP_INPUT - Got input "X_test" of type "Any". (Type check passed).
[32m2024-04-23 16:12:44 -0500[0m - dagster - [34mDEBUG[0m - __ASSET_JOB - 3296bec3-856c-4987-97f4-3a27f195c741 - 68385 - bubbleClassifier - STEP_INPUT - Got input "X_train" of type "Any". (Type check passed).
[32m2024-04-23 16:12:44 -0500[0m - dagster - [34mDEBUG[0m - __ASSET_JOB - 3296bec3-856c-4987-97f4-3a27f195c741 - 68385 - bubbleClassifier - STEP_INPUT - Got input "y_test" of type "Any". (Type check passed).
[32m2024-04-23 16:12:44 -0500[0m - dagster - [34mDEBUG[0m - __ASSET_JOB - 3296bec3-856c-4987-97f4-3a27f195c741 - 68385 - bubbleClassifier - STEP_INPUT - Got input "y_train" of type "Any". (Type check passed).
/Users/isaacanderson/anaconda3/envs/boo/lib/python3.12/site-packages/sklearn/linear_model/_logistic.py:460: ConvergenceWarning: lbfgs failed to converge (status=1):
STOP: TOTAL NO. of ITERATIONS REACHED LIMIT.

Increase the number of iterations (max_iter) or scale the data as shown in:
    https://scikit-learn.org/stable/modules/preprocessing.html
Please also refer to the documentation for alternative solver options:
    https://scikit-learn.org/stable/modules/linear_model.html#logistic-regression
  n_iter_i = _check_optimize_result(
[32m2024-04-23 16:12:44 -0500[0m - dagster - [34mDEBUG[0m - __ASSET_JOB - 3296bec3-856c-4987-97f4-3a27f195c741 - 68385 - bubbleClassifier - STEP_OUTPUT - Yielded output "result" of type "Any". (Type check passed).
[32m2024-04-23 16:12:44 -0500[0m - dagster - [34mDEBUG[0m - __ASSET_JOB - 3296bec3-856c-4987-97f4-3a27f195c741 - bubbleClassifier - Writing file at: /Users/isaacanderson/Desktop/CSE314/MarchMadness/projectDag/tmpf7gyw7w9/storage/bubbleClassifier using PickledObjectFilesystemIOManager...
[32m2024-04-23 16:12:44 -0500[0m - dagster - [34mDEBUG[0m - __ASSET_JOB - 3296bec3-856c-4987-97f4-3a27f195c741 - 68385 - bubbleClassifier - ASSET_MATERIALIZATION - Materialized value bubbleClassifier.
[32m2024-04-23 16:12:44 -0500[0m - dagster - [34mDEBUG[0m - __ASSET_JOB - 3296bec3-856c-4987-97f4-3a27f195c741 - 68385 - bubbleClassifier - HANDLED_OUTPUT - Handled output "result" using IO manager "io_manager"
[32m2024-04-23 16:12:44 -0500[0m - dagster - [34mDEBUG[0m - __ASSET_JOB - 3296bec3-856c-4987-97f4-3a27f195c741 - 68385 - bubbleClassifier - STEP_SUCCESS - Finished execution of step "bubbleClassifier" in 50ms.
