[32m2024-04-23 16:13:56 -0500[0m - dagster - [34mDEBUG[0m - __ASSET_JOB - 3cc85539-b2f6-40c4-9aed-81793fd83e39 - 69378 - LOGS_CAPTURED - Started capturing logs in process (pid: 69378).
[32m2024-04-23 16:13:56 -0500[0m - dagster - [34mDEBUG[0m - __ASSET_JOB - 3cc85539-b2f6-40c4-9aed-81793fd83e39 - 69378 - predictionValidation - STEP_START - Started execution of step "predictionValidation".
[32m2024-04-23 16:13:56 -0500[0m - dagster - [34mDEBUG[0m - __ASSET_JOB - 3cc85539-b2f6-40c4-9aed-81793fd83e39 - predictionValidation - Loading file from: /Users/isaacanderson/Desktop/CSE314/MarchMadness/projectDag/tmpf7gyw7w9/storage/bubbleClassification using PickledObjectFilesystemIOManager...
[32m2024-04-23 16:13:56 -0500[0m - dagster - [34mDEBUG[0m - __ASSET_JOB - 3cc85539-b2f6-40c4-9aed-81793fd83e39 - 69378 - predictionValidation - ASSET_OBSERVATION - DagsterEventType.ASSET_OBSERVATION for step predictionValidation
[32m2024-04-23 16:13:56 -0500[0m - dagster - [34mDEBUG[0m - __ASSET_JOB - 3cc85539-b2f6-40c4-9aed-81793fd83e39 - 69378 - predictionValidation - LOADED_INPUT - Loaded input "bubbleClassification" using input manager "io_manager"
[32m2024-04-23 16:13:56 -0500[0m - dagster - [34mDEBUG[0m - __ASSET_JOB - 3cc85539-b2f6-40c4-9aed-81793fd83e39 - 69378 - predictionValidation - STEP_INPUT - Got input "bubbleClassification" of type "Any". (Type check passed).
[32m2024-04-23 16:13:56 -0500[0m - dagster - [34mWARNING[0m - __ASSET_JOB - 3cc85539-b2f6-40c4-9aed-81793fd83e39 - predictionValidation - The MaterializeResult returned from AssetKey(['predictionValidation']) will be stored by the I/O manager. To bypass the I/O manager, add return type annotation '-> MaterializeResult' to AssetKey(['predictionValidation']).
Exception while writing logger call to event log: Unhandled value type <class 'numpy.float64'>
[32m2024-04-23 16:13:56 -0500[0m - dagster - [34mERROR[0m - [31m__ASSET_JOB - 3cc85539-b2f6-40c4-9aed-81793fd83e39 - 69378 - predictionValidation - STEP_FAILURE - Execution of step "predictionValidation" failed.

dagster._serdes.errors.SerializationError: Unhandled value type <class 'numpy.float64'>

Stack Trace:
  File "/Users/isaacanderson/anaconda3/envs/boo/lib/python3.12/site-packages/dagster/_core/execution/plan/execute_plan.py", line 282, in dagster_event_sequence_for_step
    for step_event in check.generator(step_events):
  File "/Users/isaacanderson/anaconda3/envs/boo/lib/python3.12/site-packages/dagster/_core/execution/plan/execute_step.py", line 528, in core_dagster_event_sequence_for_step
    for evt in _type_check_and_store_output(step_context, user_event):
  File "/Users/isaacanderson/anaconda3/envs/boo/lib/python3.12/site-packages/dagster/_core/execution/plan/execute_step.py", line 580, in _type_check_and_store_output
    for output_event in _type_check_output(step_context, step_output_handle, output, version):
  File "/Users/isaacanderson/anaconda3/envs/boo/lib/python3.12/site-packages/dagster/_core/execution/plan/execute_step.py", line 432, in _type_check_output
    yield DagsterEvent.step_output_event(
          ^^^^^^^^^^^^^^^^^^^^^^^^^^^^^^^
  File "/Users/isaacanderson/anaconda3/envs/boo/lib/python3.12/site-packages/dagster/_core/events/__init__.py", line 878, in step_output_event
    return DagsterEvent.from_step(
           ^^^^^^^^^^^^^^^^^^^^^^^
  File "/Users/isaacanderson/anaconda3/envs/boo/lib/python3.12/site-packages/dagster/_core/events/__init__.py", line 477, in from_step
    log_step_event(step_context, event, batch_metadata)
  File "/Users/isaacanderson/anaconda3/envs/boo/lib/python3.12/site-packages/dagster/_core/events/__init__.py", line 349, in log_step_event
    step_context.log.log_dagster_event(
  File "/Users/isaacanderson/anaconda3/envs/boo/lib/python3.12/site-packages/dagster/_core/log_manager.py", line 404, in log_dagster_event
    self.log(
  File "/Users/isaacanderson/anaconda3/envs/boo/lib/python3.12/site-packages/dagster/_core/log_manager.py", line 434, in log
    self._log(level, msg, args, **kwargs)
  File "/Users/isaacanderson/anaconda3/envs/boo/lib/python3.12/logging/__init__.py", line 1684, in _log
    self.handle(record)
  File "/Users/isaacanderson/anaconda3/envs/boo/lib/python3.12/logging/__init__.py", line 1700, in handle
    self.callHandlers(record)
  File "/Users/isaacanderson/anaconda3/envs/boo/lib/python3.12/logging/__init__.py", line 1762, in callHandlers
    hdlr.handle(record)
  File "/Users/isaacanderson/anaconda3/envs/boo/lib/python3.12/logging/__init__.py", line 1028, in handle
    self.emit(record)
  File "/Users/isaacanderson/anaconda3/envs/boo/lib/python3.12/site-packages/dagster/_core/log_manager.py", line 278, in emit
    handler.handle(dagster_record)
  File "/Users/isaacanderson/anaconda3/envs/boo/lib/python3.12/logging/__init__.py", line 1028, in handle
    self.emit(record)
  File "/Users/isaacanderson/anaconda3/envs/boo/lib/python3.12/site-packages/dagster/_core/instance/__init__.py", line 255, in emit
    self._instance.handle_new_event(
  File "/Users/isaacanderson/anaconda3/envs/boo/lib/python3.12/site-packages/dagster/_core/instance/__init__.py", line 2412, in handle_new_event
    self._event_storage.store_event(events[0])
  File "/Users/isaacanderson/anaconda3/envs/boo/lib/python3.12/site-packages/dagster/_core/storage/event_log/sqlite/sqlite_event_log.py", line 239, in store_event
    insert_event_statement = self.prepare_insert_event(event)
                             ^^^^^^^^^^^^^^^^^^^^^^^^^^^^^^^^
  File "/Users/isaacanderson/anaconda3/envs/boo/lib/python3.12/site-packages/dagster/_core/storage/event_log/sql_event_log.py", line 194, in prepare_insert_event
    return SqlEventLogStorageTable.insert().values(**self._event_to_row(event))
                                                     ^^^^^^^^^^^^^^^^^^^^^^^^^
  File "/Users/isaacanderson/anaconda3/envs/boo/lib/python3.12/site-packages/dagster/_core/storage/event_log/sql_event_log.py", line 219, in _event_to_row
    "event": serialize_value(event),
             ^^^^^^^^^^^^^^^^^^^^^^
  File "/Users/isaacanderson/anaconda3/envs/boo/lib/python3.12/site-packages/dagster/_serdes/serdes.py", line 741, in serialize_value
    packed_value = pack_value(val, whitelist_map=whitelist_map)
                   ^^^^^^^^^^^^^^^^^^^^^^^^^^^^^^^^^^^^^^^^^^^^
  File "/Users/isaacanderson/anaconda3/envs/boo/lib/python3.12/site-packages/dagster/_serdes/serdes.py", line 791, in pack_value
    return _pack_value(val, whitelist_map=whitelist_map, descent_path=descent_path)
           ^^^^^^^^^^^^^^^^^^^^^^^^^^^^^^^^^^^^^^^^^^^^^^^^^^^^^^^^^^^^^^^^^^^^^^^^
  File "/Users/isaacanderson/anaconda3/envs/boo/lib/python3.12/site-packages/dagster/_serdes/serdes.py", line 845, in _pack_value
    return serializer.pack(val, whitelist_map, descent_path)
           ^^^^^^^^^^^^^^^^^^^^^^^^^^^^^^^^^^^^^^^^^^^^^^^^^
  File "/Users/isaacanderson/anaconda3/envs/boo/lib/python3.12/site-packages/dagster/_serdes/serdes.py", line 618, in pack
    packed[storage_key] = _pack_value(
                          ^^^^^^^^^^^^
  File "/Users/isaacanderson/anaconda3/envs/boo/lib/python3.12/site-packages/dagster/_serdes/serdes.py", line 845, in _pack_value
    return serializer.pack(val, whitelist_map, descent_path)
           ^^^^^^^^^^^^^^^^^^^^^^^^^^^^^^^^^^^^^^^^^^^^^^^^^
  File "/Users/isaacanderson/anaconda3/envs/boo/lib/python3.12/site-packages/dagster/_serdes/serdes.py", line 618, in pack
    packed[storage_key] = _pack_value(
                          ^^^^^^^^^^^^
  File "/Users/isaacanderson/anaconda3/envs/boo/lib/python3.12/site-packages/dagster/_serdes/serdes.py", line 845, in _pack_value
    return serializer.pack(val, whitelist_map, descent_path)
           ^^^^^^^^^^^^^^^^^^^^^^^^^^^^^^^^^^^^^^^^^^^^^^^^^
  File "/Users/isaacanderson/anaconda3/envs/boo/lib/python3.12/site-packages/dagster/_serdes/serdes.py", line 612, in pack
    packed[storage_key] = custom.pack(
                          ^^^^^^^^^^^^
  File "/Users/isaacanderson/anaconda3/envs/boo/lib/python3.12/site-packages/dagster/_core/definitions/metadata/__init__.py", line 1135, in pack
    "entry_data": pack_value(v, whitelist_map, descent_path),  # type: ignore
                  ^^^^^^^^^^^^^^^^^^^^^^^^^^^^^^^^^^^^^^^^^^
  File "/Users/isaacanderson/anaconda3/envs/boo/lib/python3.12/site-packages/dagster/_serdes/serdes.py", line 791, in pack_value
    return _pack_value(val, whitelist_map=whitelist_map, descent_path=descent_path)
           ^^^^^^^^^^^^^^^^^^^^^^^^^^^^^^^^^^^^^^^^^^^^^^^^^^^^^^^^^^^^^^^^^^^^^^^^
  File "/Users/isaacanderson/anaconda3/envs/boo/lib/python3.12/site-packages/dagster/_serdes/serdes.py", line 845, in _pack_value
    return serializer.pack(val, whitelist_map, descent_path)
           ^^^^^^^^^^^^^^^^^^^^^^^^^^^^^^^^^^^^^^^^^^^^^^^^^
  File "/Users/isaacanderson/anaconda3/envs/boo/lib/python3.12/site-packages/dagster/_serdes/serdes.py", line 618, in pack
    packed[storage_key] = _pack_value(
                          ^^^^^^^^^^^^
  File "/Users/isaacanderson/anaconda3/envs/boo/lib/python3.12/site-packages/dagster/_serdes/serdes.py", line 878, in _pack_value
    raise SerializationError(f"Unhandled value type {tval}")
[0m
